Дата и время вызова функции: 2024-02-27 14:42:49.448551
Имя функции: flat_generator
Аргументы функции: позиционные параметры - ([['a', 'b', 'c'], ['d', 'e', 'f', 'h', False], [1, 2, None]],), именованные параметры - {}
Возвращаемое значение: <generator object flat_generator at 0x0000018FA4846650>

Дата и время вызова функции: 2024-02-27 14:42:49.449562
Имя функции: flat_generator
Аргументы функции: позиционные параметры - ([['a', 'b', 'c'], ['d', 'e', 'f', 'h', False], [1, 2, None]],), именованные параметры - {}
Возвращаемое значение: <generator object flat_generator at 0x0000018FA4846650>

Дата и время вызова функции: 2024-02-27 14:42:49.451070
Имя функции: flat_generator
Аргументы функции: позиционные параметры - ([['a', 'b', 'c'], ['d', 'e', 'f', 'h', False], [1, 2, None]],), именованные параметры - {}
Возвращаемое значение: <generator object flat_generator at 0x0000018FA4846650>

Дата и время вызова функции: 2024-02-27 14:42:49.451070
Имя функции: flat_generator
Аргументы функции: позиционные параметры - ([['a', 'b', 'c'], ['d', 'e', 'f', 'h', False], [1, 2, None]],), именованные параметры - {}
Возвращаемое значение: <generator object flat_generator at 0x0000018FA4846650>

Дата и время вызова функции: 2024-02-27 14:42:49.448551
Имя функции: test_2
Аргументы функции: позиционные параметры - (), именованные параметры - {}
Возвращаемое значение: None

