Дата и время вызова функции: 2024-02-27 14:26:39.681363
Имя функции: hello_world
Аргументы функции: позиционные параметры - (), именованные параметры - {}
Возвращаемое значение: Hello World

Дата и время вызова функции: 2024-02-27 14:26:39.681363
Имя функции: summator
Аргументы функции: позиционные параметры - (2, 2), именованные параметры - {}
Возвращаемое значение: 4

Дата и время вызова функции: 2024-02-27 14:26:39.682826
Имя функции: div
Аргументы функции: позиционные параметры - (6, 2), именованные параметры - {}
Возвращаемое значение: 3.0

Дата и время вызова функции: 2024-02-27 14:26:39.683943
Имя функции: summator
Аргументы функции: позиционные параметры - (4.3,), именованные параметры - {'b': 2.2}
Возвращаемое значение: 6.5

Дата и время вызова функции: 2024-02-27 14:26:39.683943
Имя функции: summator
Аргументы функции: позиционные параметры - (), именованные параметры - {'a': 0, 'b': 0}
Возвращаемое значение: 0

